app/build/intermediates/manifest_merge_blame_file/focusArmDebug/manifest-merger-blame-focus-arm-debug-report.txt
1<?xml version="1.0" encoding="utf-8"?>
2<!--
3 This Source Code Form is subject to the terms of the Mozilla Public
4   - License, v. 2.0. If a copy of the MPL was not distributed with this
5   - file, You can obtain one at http://mozilla.org/MPL/2.0/.
6-->
7<manifest xmlns:android="http://schemas.android.com/apk/res/android"
8    package="org.mozilla.focus.debug"
9    android:versionCode="11"
10    android:versionName="8.0.25" >
11
12    <uses-sdk
13        android:minSdkVersion="21"
14        android:targetSdkVersion="28" />
15    <!-- Allows unlocking your device and activating its screen so UI tests can succeed -->
16    <uses-permission android:name="android.permission.DISABLE_KEYGUARD" />
16-->src\debug\AndroidManifest.xml:8:5-74
16-->src\debug\AndroidManifest.xml:8:22-72
17    <uses-permission android:name="android.permission.WAKE_LOCK" />
17-->src\debug\AndroidManifest.xml:9:5-67
17-->src\debug\AndroidManifest.xml:9:22-65
18
19    <!-- Allows for storing and retrieving screenshots -->
20    <uses-permission android:name="android.permission.WRITE_EXTERNAL_STORAGE" />
20-->src\main\AndroidManifest.xml:10:5-81
20-->src\main\AndroidManifest.xml:10:22-78
21    <uses-permission android:name="android.permission.READ_EXTERNAL_STORAGE" />
21-->src\debug\AndroidManifest.xml:13:5-80
21-->src\debug\AndroidManifest.xml:13:22-77
22
23    <!-- Allows changing locales for FastLane screenshots -->
24    <uses-permission android:name="android.permission.CHANGE_CONFIGURATION" />
24-->src\debug\AndroidManifest.xml:16:5-17:47
24-->src\debug\AndroidManifest.xml:16:22-76
25    <uses-permission android:name="android.permission.INTERNET" />
25-->src\main\AndroidManifest.xml:9:5-67
25-->src\main\AndroidManifest.xml:9:22-64
26    <uses-permission android:name="android.permission.ACCESS_NETWORK_STATE" /> <!-- Used by sentry. -->
26-->src\main\AndroidManifest.xml:11:5-79
26-->src\main\AndroidManifest.xml:11:22-76
27    <uses-permission android:name="com.android.launcher.permission.INSTALL_SHORTCUT" />
27-->src\main\AndroidManifest.xml:12:5-88
27-->src\main\AndroidManifest.xml:12:22-85
28    <uses-permission android:name="android.permission.FOREGROUND_SERVICE" /> <!-- Needed to prompt the user to give permission to install a downloaded apk -->
28-->src\main\AndroidManifest.xml:13:5-76
28-->src\main\AndroidManifest.xml:13:22-74
29    <uses-permission-sdk-23 android:name="android.permission.REQUEST_INSTALL_PACKAGES" />
29-->src\main\AndroidManifest.xml:15:5-90
29-->src\main\AndroidManifest.xml:15:29-87
30
31    <uses-feature
31-->src\main\AndroidManifest.xml:17:5-89
32        android:name="android.hardware.fingerprint"
32-->src\main\AndroidManifest.xml:17:19-62
33        android:required="false" />
33-->src\main\AndroidManifest.xml:17:63-87
34
35    <uses-permission-sdk-23 android:name="android.permission.USE_FINGERPRINT" /> <!-- Permission needed to publish the app on Samsung AppStore -->
35-->src\main\AndroidManifest.xml:18:5-80
35-->src\main\AndroidManifest.xml:18:29-78
36    <uses-permission android:name="com.samsung.android.providers.context.permission.WRITE_USE_APP_FEATURE_SURVEY" />
36-->src\main\AndroidManifest.xml:21:5-116
36-->src\main\AndroidManifest.xml:21:22-114
37    <uses-permission android:name="com.google.android.finsky.permission.BIND_GET_INSTALL_REFERRER_SERVICE" />
37-->[com.android.installreferrer:installreferrer:1.1] AndroidManifest.xml:5:5-110
37-->[com.android.installreferrer:installreferrer:1.1] AndroidManifest.xml:5:22-107
38    <uses-permission android:name="android.permission.READ_PHONE_STATE" />
39    <uses-permission android:name="android.permission.RECEIVE_BOOT_COMPLETED" />
39-->[org.mozilla.components:service-telemetry:12.0.0] AndroidManifest.xml:14:5-81
39-->[org.mozilla.components:service-telemetry:12.0.0] AndroidManifest.xml:14:22-78
40    <uses-permission android:name="android.permission.MODIFY_AUDIO_SETTINGS" />
40-->[org.mozilla.geckoview:geckoview:71.0.20200108003105] AndroidManifest.xml:14:5-80
40-->[org.mozilla.geckoview:geckoview:71.0.20200108003105] AndroidManifest.xml:14:22-77
41
42    <uses-feature
42-->[org.mozilla.geckoview:geckoview:71.0.20200108003105] AndroidManifest.xml:16:5-18:36
43        android:name="android.hardware.location"
43-->[org.mozilla.geckoview:geckoview:71.0.20200108003105] AndroidManifest.xml:17:9-49
44        android:required="false" />
44-->[org.mozilla.geckoview:geckoview:71.0.20200108003105] AndroidManifest.xml:18:9-33
45    <uses-feature
45-->[org.mozilla.geckoview:geckoview:71.0.20200108003105] AndroidManifest.xml:19:5-21:36
46        android:name="android.hardware.location.gps"
46-->[org.mozilla.geckoview:geckoview:71.0.20200108003105] AndroidManifest.xml:20:9-53
47        android:required="false" />
47-->[org.mozilla.geckoview:geckoview:71.0.20200108003105] AndroidManifest.xml:21:9-33
48    <uses-feature
48-->[org.mozilla.geckoview:geckoview:71.0.20200108003105] AndroidManifest.xml:22:5-24:36
49        android:name="android.hardware.touchscreen"
49-->[org.mozilla.geckoview:geckoview:71.0.20200108003105] AndroidManifest.xml:23:9-52
50        android:required="false" />
50-->[org.mozilla.geckoview:geckoview:71.0.20200108003105] AndroidManifest.xml:24:9-33
51    <uses-feature
51-->[org.mozilla.geckoview:geckoview:71.0.20200108003105] AndroidManifest.xml:25:5-27:36
52        android:name="android.hardware.camera"
52-->[org.mozilla.geckoview:geckoview:71.0.20200108003105] AndroidManifest.xml:26:9-47
53        android:required="false" />
53-->[org.mozilla.geckoview:geckoview:71.0.20200108003105] AndroidManifest.xml:27:9-33
54    <uses-feature
54-->[org.mozilla.geckoview:geckoview:71.0.20200108003105] AndroidManifest.xml:28:5-30:36
55        android:name="android.hardware.camera.autofocus"
55-->[org.mozilla.geckoview:geckoview:71.0.20200108003105] AndroidManifest.xml:29:9-57
56        android:required="false" />
56-->[org.mozilla.geckoview:geckoview:71.0.20200108003105] AndroidManifest.xml:30:9-33
57    <uses-feature
57-->[org.mozilla.geckoview:geckoview:71.0.20200108003105] AndroidManifest.xml:31:5-33:36
58        android:name="android.hardware.audio.low_latency"
58-->[org.mozilla.geckoview:geckoview:71.0.20200108003105] AndroidManifest.xml:32:9-58
59        android:required="false" />
59-->[org.mozilla.geckoview:geckoview:71.0.20200108003105] AndroidManifest.xml:33:9-33
60    <uses-feature
60-->[org.mozilla.geckoview:geckoview:71.0.20200108003105] AndroidManifest.xml:34:5-36:36
61        android:name="android.hardware.microphone"
61-->[org.mozilla.geckoview:geckoview:71.0.20200108003105] AndroidManifest.xml:35:9-51
62        android:required="false" />
62-->[org.mozilla.geckoview:geckoview:71.0.20200108003105] AndroidManifest.xml:36:9-33
63    <uses-feature
63-->[org.mozilla.geckoview:geckoview:71.0.20200108003105] AndroidManifest.xml:37:5-39:36
64        android:name="android.hardware.camera.any"
64-->[org.mozilla.geckoview:geckoview:71.0.20200108003105] AndroidManifest.xml:38:9-51
65        android:required="false" /> <!-- GeckoView requires OpenGL ES 2.0 -->
65-->[org.mozilla.geckoview:geckoview:71.0.20200108003105] AndroidManifest.xml:39:9-33
66    <uses-feature
66-->[org.mozilla.geckoview:geckoview:71.0.20200108003105] AndroidManifest.xml:42:5-44:35
67        android:glEsVersion="0x00020000"
67-->[org.mozilla.geckoview:geckoview:71.0.20200108003105] AndroidManifest.xml:43:9-41
68        android:required="true" />
68-->[org.mozilla.geckoview:geckoview:71.0.20200108003105] AndroidManifest.xml:44:9-32
69
70    <application
70-->src\main\AndroidManifest.xml:23:5-145:19
71        android:name="org.mozilla.focus.FocusApplication"
71-->src\main\AndroidManifest.xml:29:9-41
72        android:allowBackup="false"
72-->src\main\AndroidManifest.xml:24:9-36
73        android:appComponentFactory="androidx.core.app.CoreComponentFactory"
73-->[androidx.core:core:1.1.0] AndroidManifest.xml:24:18-86
74        android:debuggable="true"
75        android:icon="@mipmap/ic_launcher"
75-->src\main\AndroidManifest.xml:25:9-43
76        android:label="@string/app_name"
76-->src\main\AndroidManifest.xml:26:9-41
77        android:supportsRtl="true"
77-->src\main\AndroidManifest.xml:27:9-35
78        android:theme="@style/AppTheme"
78-->src\main\AndroidManifest.xml:28:9-40
79        android:usesCleartextTraffic="true" >
79-->src\main\AndroidManifest.xml:30:9-44
80        <activity android:name="org.mozilla.focus.activity.IntentReceiverActivity" >
80-->src\main\AndroidManifest.xml:32:9-62:20
80-->src\main\AndroidManifest.xml:32:19-66
81            <intent-filter>
81-->src\main\AndroidManifest.xml:33:13-39:29
82                <action android:name="android.intent.action.VIEW" />
82-->src\main\AndroidManifest.xml:34:17-69
82-->src\main\AndroidManifest.xml:34:25-66
83
84                <category android:name="android.intent.category.DEFAULT" />
84-->src\main\AndroidManifest.xml:35:17-76
84-->src\main\AndroidManifest.xml:35:27-73
85                <category android:name="android.intent.category.BROWSABLE" />
85-->src\main\AndroidManifest.xml:36:17-78
85-->src\main\AndroidManifest.xml:36:27-75
86
87                <data android:scheme="http" />
87-->src\main\AndroidManifest.xml:37:17-47
87-->src\main\AndroidManifest.xml:37:23-44
88                <data android:scheme="https" />
88-->src\main\AndroidManifest.xml:37:17-47
88-->src\main\AndroidManifest.xml:37:23-44
89            </intent-filter>
90            <intent-filter>
90-->src\main\AndroidManifest.xml:41:13-50:29
91                <action android:name="android.intent.action.VIEW" />
91-->src\main\AndroidManifest.xml:34:17-69
91-->src\main\AndroidManifest.xml:34:25-66
92
93                <category android:name="android.intent.category.BROWSABLE" />
93-->src\main\AndroidManifest.xml:36:17-78
93-->src\main\AndroidManifest.xml:36:27-75
94                <category android:name="android.intent.category.DEFAULT" />
94-->src\main\AndroidManifest.xml:35:17-76
94-->src\main\AndroidManifest.xml:35:27-73
95
96                <data android:scheme="http" />
96-->src\main\AndroidManifest.xml:37:17-47
96-->src\main\AndroidManifest.xml:37:23-44
97                <data android:scheme="https" />
97-->src\main\AndroidManifest.xml:37:17-47
97-->src\main\AndroidManifest.xml:37:23-44
98                <data android:mimeType="text/html" />
98-->src\main\AndroidManifest.xml:37:17-47
99                <data android:mimeType="text/plain" />
99-->src\main\AndroidManifest.xml:37:17-47
100                <data android:mimeType="application/xhtml+xml" />
100-->src\main\AndroidManifest.xml:37:17-47
101            </intent-filter>
102            <intent-filter>
102-->src\main\AndroidManifest.xml:52:13-56:29
103                <action android:name="android.intent.action.SEND" />
103-->src\main\AndroidManifest.xml:53:17-69
103-->src\main\AndroidManifest.xml:53:25-66
104
105                <category android:name="android.intent.category.DEFAULT" />
105-->src\main\AndroidManifest.xml:35:17-76
105-->src\main\AndroidManifest.xml:35:27-73
106
107                <data android:mimeType="text/plain" />
107-->src\main\AndroidManifest.xml:37:17-47
108            </intent-filter>
109            <intent-filter>
109-->src\main\AndroidManifest.xml:58:13-61:29
110                <action android:name="android.intent.action.ASSIST" />
110-->src\main\AndroidManifest.xml:59:17-71
110-->src\main\AndroidManifest.xml:59:25-68
111
112                <category android:name="android.intent.category.DEFAULT" />
112-->src\main\AndroidManifest.xml:35:17-76
112-->src\main\AndroidManifest.xml:35:27-73
113            </intent-filter>
114        </activity>
115        <activity
115-->src\main\AndroidManifest.xml:64:9-76:20
116            android:name="org.mozilla.focus.activity.MainActivity"
116-->src\main\AndroidManifest.xml:64:19-56
117            android:configChanges="keyboard|keyboardHidden|mcc|mnc|orientation|screenSize|locale|layoutDirection|smallestScreenSize|screenLayout"
117-->src\main\AndroidManifest.xml:66:13-146
118            android:label="@string/app_name"
118-->src\main\AndroidManifest.xml:68:13-45
119            android:launchMode="singleTop"
119-->src\main\AndroidManifest.xml:65:13-43
120            android:windowSoftInputMode="adjustResize|stateAlwaysHidden" >
120-->src\main\AndroidManifest.xml:67:13-73
121            <intent-filter>
121-->src\main\AndroidManifest.xml:69:13-73:29
122                <action android:name="android.intent.action.MAIN" />
122-->src\main\AndroidManifest.xml:70:17-69
122-->src\main\AndroidManifest.xml:70:25-66
123
124                <category android:name="android.intent.category.LAUNCHER" />
124-->src\main\AndroidManifest.xml:72:17-77
124-->src\main\AndroidManifest.xml:72:27-74
125            </intent-filter>
126
127            <meta-data
127-->src\main\AndroidManifest.xml:75:13-97
128                android:name="android.app.shortcuts"
128-->src\main\AndroidManifest.xml:75:24-60
129                android:resource="@xml/shortcuts" />
129-->src\main\AndroidManifest.xml:75:61-94
130        </activity>
131        <activity
131-->src\main\AndroidManifest.xml:78:9-85:48
132            android:name="org.mozilla.focus.activity.CustomTabActivity"
132-->src\main\AndroidManifest.xml:78:19-61
133            android:autoRemoveFromRecents="false"
133-->src\main\AndroidManifest.xml:84:13-50
134            android:configChanges="keyboard|keyboardHidden|mcc|mnc|orientation|screenSize|locale|layoutDirection|smallestScreenSize|screenLayout"
134-->src\main\AndroidManifest.xml:79:13-146
135            android:exported="false"
135-->src\main\AndroidManifest.xml:81:13-37
136            android:label="@string/app_name"
136-->src\main\AndroidManifest.xml:85:13-45
137            android:persistableMode="persistNever"
137-->src\main\AndroidManifest.xml:83:13-51
138            android:taskAffinity=""
138-->src\main\AndroidManifest.xml:82:13-36
139            android:windowSoftInputMode="adjustResize|stateAlwaysHidden" />
139-->src\main\AndroidManifest.xml:80:13-73
140        <activity
140-->src\main\AndroidManifest.xml:87:9-88:47
141            android:name="org.mozilla.focus.activity.InfoActivity"
141-->src\main\AndroidManifest.xml:87:19-56
142            android:theme="@style/InfoTheme" />
142-->src\main\AndroidManifest.xml:88:13-45
143        <activity
143-->src\main\AndroidManifest.xml:90:9-98:20
144            android:name="org.mozilla.focus.activity.TextActionActivity"
144-->src\main\AndroidManifest.xml:90:19-62
145            android:exported="true"
145-->src\main\AndroidManifest.xml:92:13-36
146            android:label="@string/text_selection_search_action" >
146-->src\main\AndroidManifest.xml:91:13-65
147            <intent-filter>
147-->src\main\AndroidManifest.xml:93:13-97:29
148                <action android:name="android.intent.action.PROCESS_TEXT" />
148-->src\main\AndroidManifest.xml:94:17-77
148-->src\main\AndroidManifest.xml:94:25-74
149
150                <category android:name="android.intent.category.DEFAULT" />
150-->src\main\AndroidManifest.xml:35:17-76
150-->src\main\AndroidManifest.xml:35:27-73
151
152                <data android:mimeType="text/plain" />
152-->src\main\AndroidManifest.xml:37:17-47
153            </intent-filter>
154        </activity>
155
156        <!-- SettingsActivity title is set dynamically for multilocale support -->
157        <activity
157-->src\main\AndroidManifest.xml:101:9-105:54
158            android:name="org.mozilla.focus.activity.SettingsActivity"
158-->src\main\AndroidManifest.xml:101:19-60
159            android:configChanges="locale"
159-->src\main\AndroidManifest.xml:104:13-43
160            android:parentActivityName="org.mozilla.focus.activity.MainActivity"
160-->src\main\AndroidManifest.xml:102:13-64
161            android:theme="@style/SettingsTheme"
161-->src\main\AndroidManifest.xml:103:13-49
162            android:windowSoftInputMode="adjustPan" />
162-->src\main\AndroidManifest.xml:105:13-52
163        <activity
163-->src\main\AndroidManifest.xml:107:9-108:66
164            android:name="org.mozilla.focus.activity.InstallFirefoxActivity"
164-->src\main\AndroidManifest.xml:107:19-66
165            android:theme="@style/Theme.AppCompat.NoActionBar" />
165-->src\main\AndroidManifest.xml:108:13-63
166        <activity
166-->src\main\AndroidManifest.xml:110:9-111:64
167            android:name="org.mozilla.focus.activity.EraseShortcutActivity"
167-->src\main\AndroidManifest.xml:110:19-65
168            android:theme="@android:style/Theme.Translucent" />
168-->src\main\AndroidManifest.xml:111:13-61
169        <activity
169-->src\main\AndroidManifest.xml:113:9-114:64
170            android:name="org.mozilla.focus.activity.EraseAndOpenShortcutActivity"
170-->src\main\AndroidManifest.xml:113:19-72
171            android:theme="@android:style/Theme.Translucent" />
171-->src\main\AndroidManifest.xml:114:13-61
172
173        <provider
174            android:name="androidx.core.content.FileProvider"
175            android:authorities="org.mozilla.focus.debug.fileprovider"
176            android:exported="false"
177            android:grantUriPermissions="true" >
178            <meta-data
179                android:name="android.support.FILE_PROVIDER_PATHS"
180                android:resource="@xml/provider_paths" />
181        </provider>
182
183        <service
183-->src\main\AndroidManifest.xml:126:9-133:19
184            android:name="org.mozilla.focus.customtabs.CustomTabsService"
184-->src\main\AndroidManifest.xml:127:13-57
185            android:exported="true" >
185-->src\main\AndroidManifest.xml:128:13-36
186            <intent-filter>
186-->src\main\AndroidManifest.xml:130:13-132:29
187                <action android:name="android.support.customtabs.action.CustomTabsService" />
187-->src\main\AndroidManifest.xml:131:17-94
187-->src\main\AndroidManifest.xml:131:25-91
188            </intent-filter>
189        </service>
190        <service
190-->src\main\AndroidManifest.xml:135:9-136:40
191            android:name="org.mozilla.focus.session.SessionNotificationService"
191-->src\main\AndroidManifest.xml:135:18-68
192            android:exported="false" />
192-->src\main\AndroidManifest.xml:136:13-37
193        <service
193-->src\main\AndroidManifest.xml:138:9-141:72
194            android:name="org.mozilla.focus.utils.ExperimentsSyncService"
194-->src\main\AndroidManifest.xml:139:13-57
195            android:exported="false"
195-->src\main\AndroidManifest.xml:140:13-37
196            android:permission="android.permission.BIND_JOB_SERVICE" />
196-->src\main\AndroidManifest.xml:141:13-69
197
198        <meta-data
198-->src\main\AndroidManifest.xml:143:9-144:43
199            android:name="android.webkit.WebView.MetricsOptOut"
199-->src\main\AndroidManifest.xml:143:20-71
200            android:value="true" />
200-->src\main\AndroidManifest.xml:144:20-40
201
202        <activity
202-->[org.mozilla.components:lib-crash:12.0.0] AndroidManifest.xml:19:9-24:64
203            android:name="mozilla.components.lib.crash.prompt.CrashReporterActivity"
203-->[org.mozilla.components:lib-crash:12.0.0] AndroidManifest.xml:20:13-85
204            android:excludeFromRecents="true"
204-->[org.mozilla.components:lib-crash:12.0.0] AndroidManifest.xml:21:13-46
205            android:exported="false"
205-->[org.mozilla.components:lib-crash:12.0.0] AndroidManifest.xml:22:13-37
206            android:process=":mozilla.components.lib.crash.CrashReporter"
206-->[org.mozilla.components:lib-crash:12.0.0] AndroidManifest.xml:23:13-74
207            android:theme="@style/Theme.Mozac.CrashReporter" />
207-->[org.mozilla.components:lib-crash:12.0.0] AndroidManifest.xml:24:13-61
208
209        <service
209-->[org.mozilla.components:lib-crash:12.0.0] AndroidManifest.xml:26:9-29:76
210            android:name="mozilla.components.lib.crash.handler.CrashHandlerService"
210-->[org.mozilla.components:lib-crash:12.0.0] AndroidManifest.xml:27:13-84
211            android:exported="false"
211-->[org.mozilla.components:lib-crash:12.0.0] AndroidManifest.xml:28:13-37
212            android:process=":mozilla.components.lib.crash.CrashHandler" />
212-->[org.mozilla.components:lib-crash:12.0.0] AndroidManifest.xml:29:13-73
213        <service
213-->[org.mozilla.components:lib-crash:12.0.0] AndroidManifest.xml:30:9-32:40
214            android:name="mozilla.components.lib.crash.service.SendCrashReportService"
214-->[org.mozilla.components:lib-crash:12.0.0] AndroidManifest.xml:31:13-87
215            android:exported="false" /> <!-- TODO: This should only be added to the manifest if this scheduler is actually used. -->
215-->[org.mozilla.components:lib-crash:12.0.0] AndroidManifest.xml:32:13-37
216        <service
216-->[org.mozilla.components:service-telemetry:12.0.0] AndroidManifest.xml:19:9-21:72
217            android:name="org.mozilla.telemetry.schedule.jobscheduler.TelemetryJobService"
217-->[org.mozilla.components:service-telemetry:12.0.0] AndroidManifest.xml:20:13-91
218            android:permission="android.permission.BIND_JOB_SERVICE" /> <!-- New child services must also be added to the Fennec AndroidManifest.xml.in -->
218-->[org.mozilla.components:service-telemetry:12.0.0] AndroidManifest.xml:21:13-69
219        <service
219-->[org.mozilla.geckoview:geckoview:71.0.20200108003105] AndroidManifest.xml:49:9-55:19
220            android:name="org.mozilla.gecko.media.MediaManager"
220-->[org.mozilla.geckoview:geckoview:71.0.20200108003105] AndroidManifest.xml:50:13-64
221            android:enabled="true"
221-->[org.mozilla.geckoview:geckoview:71.0.20200108003105] AndroidManifest.xml:51:13-35
222            android:exported="false"
222-->[org.mozilla.geckoview:geckoview:71.0.20200108003105] AndroidManifest.xml:52:13-37
223            android:isolatedProcess="false"
223-->[org.mozilla.geckoview:geckoview:71.0.20200108003105] AndroidManifest.xml:53:13-44
224            android:process=":media" >
224-->[org.mozilla.geckoview:geckoview:71.0.20200108003105] AndroidManifest.xml:54:13-37
225        </service>
226        <service
226-->[org.mozilla.geckoview:geckoview:71.0.20200108003105] AndroidManifest.xml:56:9-62:19
227            android:name="org.mozilla.gecko.process.GeckoServiceChildProcess$gmplugin"
227-->[org.mozilla.geckoview:geckoview:71.0.20200108003105] AndroidManifest.xml:57:13-87
228            android:enabled="true"
228-->[org.mozilla.geckoview:geckoview:71.0.20200108003105] AndroidManifest.xml:58:13-35
229            android:exported="false"
229-->[org.mozilla.geckoview:geckoview:71.0.20200108003105] AndroidManifest.xml:59:13-37
230            android:isolatedProcess="false"
230-->[org.mozilla.geckoview:geckoview:71.0.20200108003105] AndroidManifest.xml:60:13-44
231            android:process=":gmplugin" >
231-->[org.mozilla.geckoview:geckoview:71.0.20200108003105] AndroidManifest.xml:61:13-40
232        </service>
233        <service
233-->[org.mozilla.geckoview:geckoview:71.0.20200108003105] AndroidManifest.xml:63:9-69:19
234            android:name="org.mozilla.gecko.process.GeckoServiceChildProcess$tab"
234-->[org.mozilla.geckoview:geckoview:71.0.20200108003105] AndroidManifest.xml:64:13-82
235            android:enabled="true"
235-->[org.mozilla.geckoview:geckoview:71.0.20200108003105] AndroidManifest.xml:65:13-35
236            android:exported="false"
236-->[org.mozilla.geckoview:geckoview:71.0.20200108003105] AndroidManifest.xml:66:13-37
237            android:isolatedProcess="false"
237-->[org.mozilla.geckoview:geckoview:71.0.20200108003105] AndroidManifest.xml:67:13-44
238            android:process=":tab" >
238-->[org.mozilla.geckoview:geckoview:71.0.20200108003105] AndroidManifest.xml:68:13-35
239        </service>
240        <service
240-->[org.mozilla.geckoview:geckoview:71.0.20200108003105] AndroidManifest.xml:70:9-76:19
241            android:name="org.mozilla.gecko.process.GeckoServiceChildProcess$socket"
241-->[org.mozilla.geckoview:geckoview:71.0.20200108003105] AndroidManifest.xml:71:13-85
242            android:enabled="true"
242-->[org.mozilla.geckoview:geckoview:71.0.20200108003105] AndroidManifest.xml:72:13-35
243            android:exported="false"
243-->[org.mozilla.geckoview:geckoview:71.0.20200108003105] AndroidManifest.xml:73:13-37
244            android:isolatedProcess="false"
244-->[org.mozilla.geckoview:geckoview:71.0.20200108003105] AndroidManifest.xml:74:13-44
245            android:process=":socket" >
245-->[org.mozilla.geckoview:geckoview:71.0.20200108003105] AndroidManifest.xml:75:13-38
246        </service>
247        <service
247-->[org.mozilla.geckoview:geckoview:71.0.20200108003105] AndroidManifest.xml:77:9-82:19
248            android:name="org.mozilla.gecko.gfx.SurfaceAllocatorService"
248-->[org.mozilla.geckoview:geckoview:71.0.20200108003105] AndroidManifest.xml:78:13-73
249            android:enabled="true"
249-->[org.mozilla.geckoview:geckoview:71.0.20200108003105] AndroidManifest.xml:79:13-35
250            android:exported="false"
250-->[org.mozilla.geckoview:geckoview:71.0.20200108003105] AndroidManifest.xml:80:13-37
251            android:isolatedProcess="false" >
251-->[org.mozilla.geckoview:geckoview:71.0.20200108003105] AndroidManifest.xml:81:13-44
252        </service>
253
254        <provider
254-->[androidx.work:work-runtime:2.0.1] AndroidManifest.xml:28:9-34:35
255            android:name="androidx.work.impl.WorkManagerInitializer"
255-->[androidx.work:work-runtime:2.0.1] AndroidManifest.xml:29:13-69
256            android:authorities="org.mozilla.focus.debug.workmanager-init"
256-->[androidx.work:work-runtime:2.0.1] AndroidManifest.xml:30:13-68
257            android:directBootAware="false"
257-->[androidx.work:work-runtime:2.0.1] AndroidManifest.xml:31:13-44
258            android:exported="false"
258-->[androidx.work:work-runtime:2.0.1] AndroidManifest.xml:32:13-37
259            android:multiprocess="true" />
259-->[androidx.work:work-runtime:2.0.1] AndroidManifest.xml:33:13-40
260
261        <service
261-->[androidx.work:work-runtime:2.0.1] AndroidManifest.xml:36:9-41:35
262            android:name="androidx.work.impl.background.systemalarm.SystemAlarmService"
262-->[androidx.work:work-runtime:2.0.1] AndroidManifest.xml:37:13-88
263            android:directBootAware="false"
263-->[androidx.work:work-runtime:2.0.1] AndroidManifest.xml:38:13-44
264            android:enabled="@bool/enable_system_alarm_service_default"
264-->[androidx.work:work-runtime:2.0.1] AndroidManifest.xml:39:13-72
265            android:exported="false" />
265-->[androidx.work:work-runtime:2.0.1] AndroidManifest.xml:40:13-37
266        <service
266-->[androidx.work:work-runtime:2.0.1] AndroidManifest.xml:42:9-48:35
267            android:name="androidx.work.impl.background.systemjob.SystemJobService"
267-->[androidx.work:work-runtime:2.0.1] AndroidManifest.xml:43:13-84
268            android:directBootAware="false"
268-->[androidx.work:work-runtime:2.0.1] AndroidManifest.xml:44:13-44
269            android:enabled="@bool/enable_system_job_service_default"
269-->[androidx.work:work-runtime:2.0.1] AndroidManifest.xml:45:13-70
270            android:exported="true"
270-->[androidx.work:work-runtime:2.0.1] AndroidManifest.xml:46:13-36
271            android:permission="android.permission.BIND_JOB_SERVICE" />
271-->[androidx.work:work-runtime:2.0.1] AndroidManifest.xml:47:13-69
272
273        <receiver
273-->[androidx.work:work-runtime:2.0.1] AndroidManifest.xml:50:9-55:35
274            android:name="androidx.work.impl.utils.ForceStopRunnable$BroadcastReceiver"
274-->[androidx.work:work-runtime:2.0.1] AndroidManifest.xml:51:13-88
275            android:directBootAware="false"
275-->[androidx.work:work-runtime:2.0.1] AndroidManifest.xml:52:13-44
276            android:enabled="true"
276-->[androidx.work:work-runtime:2.0.1] AndroidManifest.xml:53:13-35
277            android:exported="false" />
277-->[androidx.work:work-runtime:2.0.1] AndroidManifest.xml:54:13-37
278        <receiver
278-->[androidx.work:work-runtime:2.0.1] AndroidManifest.xml:56:9-66:20
279            android:name="androidx.work.impl.background.systemalarm.ConstraintProxy$BatteryChargingProxy"
279-->[androidx.work:work-runtime:2.0.1] AndroidManifest.xml:57:13-106
280            android:directBootAware="false"
280-->[androidx.work:work-runtime:2.0.1] AndroidManifest.xml:58:13-44
281            android:enabled="false"
281-->[androidx.work:work-runtime:2.0.1] AndroidManifest.xml:59:13-36
282            android:exported="false" >
282-->[androidx.work:work-runtime:2.0.1] AndroidManifest.xml:60:13-37
283            <intent-filter>
283-->[androidx.work:work-runtime:2.0.1] AndroidManifest.xml:62:13-65:29
284                <action android:name="android.intent.action.ACTION_POWER_CONNECTED" />
284-->[androidx.work:work-runtime:2.0.1] AndroidManifest.xml:63:17-87
284-->[androidx.work:work-runtime:2.0.1] AndroidManifest.xml:63:25-84
285                <action android:name="android.intent.action.ACTION_POWER_DISCONNECTED" />
285-->[androidx.work:work-runtime:2.0.1] AndroidManifest.xml:64:17-90
285-->[androidx.work:work-runtime:2.0.1] AndroidManifest.xml:64:25-87
286            </intent-filter>
287        </receiver>
288        <receiver
288-->[androidx.work:work-runtime:2.0.1] AndroidManifest.xml:67:9-77:20
289            android:name="androidx.work.impl.background.systemalarm.ConstraintProxy$BatteryNotLowProxy"
289-->[androidx.work:work-runtime:2.0.1] AndroidManifest.xml:68:13-104
290            android:directBootAware="false"
290-->[androidx.work:work-runtime:2.0.1] AndroidManifest.xml:69:13-44
291            android:enabled="false"
291-->[androidx.work:work-runtime:2.0.1] AndroidManifest.xml:70:13-36
292            android:exported="false" >
292-->[androidx.work:work-runtime:2.0.1] AndroidManifest.xml:71:13-37
293            <intent-filter>
293-->[androidx.work:work-runtime:2.0.1] AndroidManifest.xml:73:13-76:29
294                <action android:name="android.intent.action.BATTERY_OKAY" />
294-->[androidx.work:work-runtime:2.0.1] AndroidManifest.xml:74:17-77